2025-03-22 21:15:55 - Lộc làm bài test "Kiểm tra toán" đạt 2/5
2025-03-22 21:21:19 - Lộc làm bài test "Kiểm tra toán" đạt 1/5
2025-03-22 21:21:26 - Lộc làm bài test "1" đạt 1/1
2025-03-22 21:46:38 - LỘc làm bài test "van" đạt 5/5
2025-03-22 21:47:07 - LỘc làm bài test "van" đạt 3/5
2025-03-22 21:47:29 - LỘc làm bài test "Kiểm tra toán" đạt 5/5
2025-03-22 22:09:05 - Lộc làm bài test "Kiểm tra toán" đạt 1/5
2025-03-22 22:49:18 - Lộc làm bài test "Kiểm tra toán" đạt 1/5
2025-03-22 23:14:27 - Lộc làm bài test "Hello" đạt 0/1
2025-03-22 23:15:23 - Lộc làm bài test "Hello" đạt 1/1
2025-03-22 23:15:29 - Lộc làm bài test "Hello" đạt 1/1
2025-03-22 23:23:25 - q làm bài test "Toán " đạt 0/1
2025-03-22 23:30:55 - Lộc làm bài test "1" đạt 1/1
2025-03-22 23:45:38 - Lộc làm bài test "Toán" đạt 1/3
2025-03-22 23:47:58 - Lộc làm bài test "Toán" đạt 3/3
2025-03-23 16:31:49 - Lộc làm bài test "Toán" đạt 1/3
2025-03-23 16:32:02 - Lộc làm bài test "Toán" đạt 1/3
2025-03-23 16:48:39 - Lộc làm bài test "Toán" đạt 1/3
2025-03-23 17:53:00 - Lộc làm bài test "Toán" đạt 0/5
2025-03-23 18:23:11 - Lộc làm bài test "Toán" đạt 2/5
2025-03-23 18:27:37 - Lộc làm bài test "Toán" đạt 0/5
2025-03-23 18:31:39 - Lộc làm bài test "Toán" đạt 0/5
2025-03-23 18:43:54 - Lộc làm bài test "Toán" đạt 1/5
2025-03-23 18:48:30 - Lộc làm bài test "Toán" đạt 1/5
2025-03-23 23:06:24 - Lộc làm bài test "Toán" đạt 0/5
2025-03-23 23:41:33 - Lộc làm bài test "Toán" đạt 2/5
2025-03-24 22:14:35 - Lộc làm bài test "Toán" đạt 0/5
2025-03-24 22:18:29 - Lộc làm bài test "Lý" đạt 0/5
2025-03-24 23:41:45 - Lộc làm bài test "Toán" đạt 0/5
2025-03-24 23:42:49 - Lộc làm bài test "Toán" đạt 0/5
2025-03-25 00:26:00 - Lộc làm bài test "Lý" đạt 0/5
2025-03-25 00:26:21 - Lộc làm bài test "Toán" đạt 0/5
2025-03-25 00:27:23 - Lộc làm bài test "Toán" đạt 2/5
2025-03-25 14:21:35 - Lộc làm bài test "Toán" đạt 2/5
2025-03-26 12:57:23 - Lộc làm bài test "Toán" đạt 3/5
2025-03-26 13:33:55 - Lộc làm bài test "Toán" đạt 1/5
2025-03-26 13:50:18 - Lộc làm bài test "Toán" đạt 1/5
2025-03-26 13:58:01 - Lộc làm bài test "Toán" đạt 1/5
2025-03-26 14:12:18 - Lộc làm bài test "Sử" đạt 0/5
2025-03-26 14:30:48 - Lộc làm bài test "Toán" đạt 0/5
2025-03-26 16:21:48 - Loojc làm bài test "Toán" đạt 1/5
2025-03-26 16:25:21 - Lộc làm bài test "Toán" đạt 3/5
2025-03-27 23:34:11 - Lộc làm bài test "Toán " đạt 0/5
2025-03-28 01:17:53 - LỘc làm bài test "Lộc" đạt 1/5
2025-03-28 01:26:10 - Lộc làm bài test "Toán" đạt 3/5
